#! /usr/local/bin/vvp
:ivl_version "13.0 (devel)" "(s20250103-26-gb0c57ab17)";
:ivl_delay_selection "TYPICAL";
:vpi_time_precision - 12;
:vpi_module "/usr/local/lib/ivl/system.vpi";
:vpi_module "/usr/local/lib/ivl/vhdl_sys.vpi";
:vpi_module "/usr/local/lib/ivl/vhdl_textio.vpi";
:vpi_module "/usr/local/lib/ivl/v2005_math.vpi";
:vpi_module "/usr/local/lib/ivl/va_math.vpi";
S_0x55e1b9e3c520 .scope module, "tb" "tb" 2 3;
 .timescale -9 -12;
v0x55e1b9e63c40_0 .var "clk", 0 0;
o0x7f4c990eb348 .functor BUFZ 8, c4<zzzzzzzz>; HiZ drive
v0x55e1b9e63d50_0 .net "data_in", 7 0, o0x7f4c990eb348;  0 drivers
v0x55e1b9e63e60_0 .net "data_out", 7 0, v0x55e1b9e62a00_0;  1 drivers
v0x55e1b9e63f00_0 .net "empty", 0 0, L_0x55e1b9e75240;  1 drivers
v0x55e1b9e63fa0_0 .net "fifo_words", 3 0, v0x55e1b9e62ba0_0;  1 drivers
v0x55e1b9e640e0 .array "file_data", 15 0, 0 0;
v0x55e1b9e64180_0 .net "full", 0 0, L_0x55e1b9e2f2e0;  1 drivers
v0x55e1b9e64220_0 .var/i "i", 31 0;
v0x55e1b9e642e0_0 .var "rd_en", 0 0;
v0x55e1b9e64380_0 .var "rst_n", 0 0;
v0x55e1b9e64420_0 .net "wr_en", 0 0, v0x55e1b9e63ae0_0;  1 drivers
S_0x55e1b9e3c6b0 .scope module, "f" "fifo" 2 17, 3 1 0, S_0x55e1b9e3c520;
 .timescale 0 0;
    .port_info 0 /INPUT 1 "clk";
    .port_info 1 /INPUT 1 "rst_n";
    .port_info 2 /INPUT 1 "wr_en";
    .port_info 3 /INPUT 8 "data_in";
    .port_info 4 /OUTPUT 1 "full";
    .port_info 5 /INPUT 1 "rd_en";
    .port_info 6 /OUTPUT 8 "data_out";
    .port_info 7 /OUTPUT 1 "empty";
    .port_info 8 /OUTPUT 4 "fifo_words";
P_0x55e1b9e3c840 .param/l "BUFFER_BIT_LEN" 1 3 20, +C4<00000000000000000000000000001000>;
L_0x55e1b9e2f270 .functor AND 1, L_0x55e1b9e74c60, L_0x55e1b9e74f20, C4<1>, C4<1>;
L_0x55e1b9e2f2e0 .functor OR 1, L_0x55e1b9e74960, L_0x55e1b9e2f270, C4<0>, C4<0>;
v0x55e1b9e2f450_0 .net *"_ivl_0", 31 0, L_0x55e1b9e64510;  1 drivers
v0x55e1b9e2f4f0_0 .net *"_ivl_10", 31 0, L_0x55e1b9e747f0;  1 drivers
v0x55e1b9e61bb0_0 .net *"_ivl_12", 0 0, L_0x55e1b9e74960;  1 drivers
v0x55e1b9e61c50_0 .net *"_ivl_14", 31 0, L_0x55e1b9e74ad0;  1 drivers
L_0x7f4c990a20f0 .functor BUFT 1, C4<000000000000000000000000>, C4<0>, C4<0>, C4<0>;
v0x55e1b9e61d30_0 .net *"_ivl_17", 23 0, L_0x7f4c990a20f0;  1 drivers
L_0x7f4c990a2138 .functor BUFT 1, C4<00000000000000000000000000001000>, C4<0>, C4<0>, C4<0>;
v0x55e1b9e61e60_0 .net/2u *"_ivl_18", 31 0, L_0x7f4c990a2138;  1 drivers
v0x55e1b9e61f40_0 .net *"_ivl_20", 0 0, L_0x55e1b9e74c60;  1 drivers
v0x55e1b9e62000_0 .net *"_ivl_22", 31 0, L_0x55e1b9e74de0;  1 drivers
L_0x7f4c990a2180 .functor BUFT 1, C4<000000000000000000000000>, C4<0>, C4<0>, C4<0>;
v0x55e1b9e620e0_0 .net *"_ivl_25", 23 0, L_0x7f4c990a2180;  1 drivers
L_0x7f4c990a21c8 .functor BUFT 1, C4<00000000000000000000000000000000>, C4<0>, C4<0>, C4<0>;
v0x55e1b9e621c0_0 .net/2u *"_ivl_26", 31 0, L_0x7f4c990a21c8;  1 drivers
v0x55e1b9e622a0_0 .net *"_ivl_28", 0 0, L_0x55e1b9e74f20;  1 drivers
L_0x7f4c990a2018 .functor BUFT 1, C4<000000000000000000000000>, C4<0>, C4<0>, C4<0>;
v0x55e1b9e62360_0 .net *"_ivl_3", 23 0, L_0x7f4c990a2018;  1 drivers
v0x55e1b9e62440_0 .net *"_ivl_31", 0 0, L_0x55e1b9e2f270;  1 drivers
v0x55e1b9e62500_0 .net *"_ivl_4", 31 0, L_0x55e1b9e74670;  1 drivers
L_0x7f4c990a2060 .functor BUFT 1, C4<000000000000000000000000>, C4<0>, C4<0>, C4<0>;
v0x55e1b9e625e0_0 .net *"_ivl_7", 23 0, L_0x7f4c990a2060;  1 drivers
L_0x7f4c990a20a8 .functor BUFT 1, C4<00000000000000000000000000000001>, C4<0>, C4<0>, C4<0>;
v0x55e1b9e626c0_0 .net/2u *"_ivl_8", 31 0, L_0x7f4c990a20a8;  1 drivers
v0x55e1b9e627a0 .array "buffer_data", 7 0, 7 0;
v0x55e1b9e62860_0 .net "clk", 0 0, v0x55e1b9e63c40_0;  1 drivers
v0x55e1b9e62920_0 .net "data_in", 7 0, o0x7f4c990eb348;  alias, 0 drivers
v0x55e1b9e62a00_0 .var "data_out", 7 0;
v0x55e1b9e62ae0_0 .net "empty", 0 0, L_0x55e1b9e75240;  alias, 1 drivers
v0x55e1b9e62ba0_0 .var "fifo_words", 3 0;
v0x55e1b9e62c80_0 .net "full", 0 0, L_0x55e1b9e2f2e0;  alias, 1 drivers
v0x55e1b9e62d40_0 .var "r_ptr", 7 0;
v0x55e1b9e62e20_0 .net "rd_en", 0 0, v0x55e1b9e642e0_0;  1 drivers
v0x55e1b9e62ee0_0 .net "rst_n", 0 0, v0x55e1b9e64380_0;  1 drivers
v0x55e1b9e62fa0_0 .var "w_ptr", 7 0;
v0x55e1b9e63080_0 .net "wr_en", 0 0, v0x55e1b9e63ae0_0;  alias, 1 drivers
E_0x55e1b9e39390 .event posedge, v0x55e1b9e62860_0;
L_0x55e1b9e64510 .concat [ 8 24 0 0], v0x55e1b9e62fa0_0, L_0x7f4c990a2018;
L_0x55e1b9e74670 .concat [ 8 24 0 0], v0x55e1b9e62d40_0, L_0x7f4c990a2060;
L_0x55e1b9e747f0 .arith/sub 32, L_0x55e1b9e74670, L_0x7f4c990a20a8;
L_0x55e1b9e74960 .cmp/eq 32, L_0x55e1b9e64510, L_0x55e1b9e747f0;
L_0x55e1b9e74ad0 .concat [ 8 24 0 0], v0x55e1b9e62fa0_0, L_0x7f4c990a20f0;
L_0x55e1b9e74c60 .cmp/eq 32, L_0x55e1b9e74ad0, L_0x7f4c990a2138;
L_0x55e1b9e74de0 .concat [ 8 24 0 0], v0x55e1b9e62d40_0, L_0x7f4c990a2180;
L_0x55e1b9e74f20 .cmp/eq 32, L_0x55e1b9e74de0, L_0x7f4c990a21c8;
L_0x55e1b9e75240 .cmp/eq 8, v0x55e1b9e62fa0_0, v0x55e1b9e62d40_0;
S_0x55e1b9e63260 .scope module, "fsm" "fsm" 2 29, 4 1 0, S_0x55e1b9e3c520;
 .timescale 0 0;
    .port_info 0 /INPUT 1 "clk";
    .port_info 1 /INPUT 1 "rst_n";
    .port_info 2 /OUTPUT 1 "wr_en";
    .port_info 3 /OUTPUT 8 "fifo_data";
    .port_info 4 /INPUT 4 "fifo_words";
P_0x55e1b9e2ebe0 .param/l "ESREVER" 1 4 15, C4<01>;
P_0x55e1b9e2ec20 .param/l "LER" 1 4 16, C4<10>;
P_0x55e1b9e2ec60 .param/l "QTDE_PALAVARAS" 1 4 13, +C4<00000000000000000000000000000101>;
P_0x55e1b9e2eca0 .param/l "RESET" 1 4 14, C4<00>;
v0x55e1b9e63610_0 .net "clk", 0 0, v0x55e1b9e63c40_0;  alias, 1 drivers
v0x55e1b9e636d0_0 .var "estado", 1 0;
v0x55e1b9e63790_0 .net "fifo_data", 7 0, o0x7f4c990eb348;  alias, 0 drivers
v0x55e1b9e63860_0 .net "fifo_words", 3 0, v0x55e1b9e62ba0_0;  alias, 1 drivers
v0x55e1b9e63930_0 .var "proximo_estado", 1 0;
v0x55e1b9e63a40_0 .net "rst_n", 0 0, v0x55e1b9e64380_0;  alias, 1 drivers
v0x55e1b9e63ae0_0 .var "wr_en", 0 0;
E_0x55e1b9e37d60 .event anyedge, v0x55e1b9e636d0_0;
E_0x55e1b9dff8e0 .event anyedge, v0x55e1b9e636d0_0, v0x55e1b9e62ba0_0;
E_0x55e1b9e39210/0 .event negedge, v0x55e1b9e62ee0_0;
E_0x55e1b9e39210/1 .event posedge, v0x55e1b9e62860_0;
E_0x55e1b9e39210 .event/or E_0x55e1b9e39210/0, E_0x55e1b9e39210/1;
    .scope S_0x55e1b9e3c6b0;
T_0 ;
    %wait E_0x55e1b9e39390;
    %load/vec4 v0x55e1b9e62ee0_0;
    %nor/r;
    %flag_set/vec4 8;
    %jmp/0xz  T_0.0, 8;
    %pushi/vec4 0, 0, 8;
    %store/vec4 v0x55e1b9e62fa0_0, 0, 8;
    %pushi/vec4 0, 0, 8;
    %store/vec4 v0x55e1b9e62d40_0, 0, 8;
    %jmp T_0.1;
T_0.0 ;
    %load/vec4 v0x55e1b9e63080_0;
    %flag_set/vec4 9;
    %flag_get/vec4 9;
    %jmp/0 T_0.4, 9;
    %load/vec4 v0x55e1b9e62c80_0;
    %nor/r;
    %and;
T_0.4;
    %flag_set/vec4 8;
    %jmp/0xz  T_0.2, 8;
    %load/vec4 v0x55e1b9e62920_0;
    %ix/getv 4, v0x55e1b9e62fa0_0;
    %store/vec4a v0x55e1b9e627a0, 4, 0;
    %load/vec4 v0x55e1b9e62fa0_0;
    %addi 1, 0, 8;
    %store/vec4 v0x55e1b9e62fa0_0, 0, 8;
T_0.2 ;
    %load/vec4 v0x55e1b9e62e20_0;
    %flag_set/vec4 9;
    %flag_get/vec4 9;
    %jmp/0 T_0.7, 9;
    %load/vec4 v0x55e1b9e62ae0_0;
    %nor/r;
    %and;
T_0.7;
    %flag_set/vec4 8;
    %jmp/0xz  T_0.5, 8;
    %ix/getv 4, v0x55e1b9e62d40_0;
    %load/vec4a v0x55e1b9e627a0, 4;
    %store/vec4 v0x55e1b9e62a00_0, 0, 8;
    %load/vec4 v0x55e1b9e62d40_0;
    %addi 1, 0, 8;
    %store/vec4 v0x55e1b9e62d40_0, 0, 8;
T_0.5 ;
T_0.1 ;
    %load/vec4 v0x55e1b9e62fa0_0;
    %load/vec4 v0x55e1b9e62d40_0;
    %sub;
    %pad/u 4;
    %store/vec4 v0x55e1b9e62ba0_0, 0, 4;
    %jmp T_0;
    .thread T_0;
    .scope S_0x55e1b9e63260;
T_1 ;
    %wait E_0x55e1b9e39210;
    %load/vec4 v0x55e1b9e63a40_0;
    %nor/r;
    %flag_set/vec4 8;
    %jmp/0xz  T_1.0, 8;
    %pushi/vec4 0, 0, 2;
    %store/vec4 v0x55e1b9e636d0_0, 0, 2;
    %jmp T_1.1;
T_1.0 ;
    %load/vec4 v0x55e1b9e63930_0;
    %store/vec4 v0x55e1b9e636d0_0, 0, 2;
T_1.1 ;
    %jmp T_1;
    .thread T_1;
    .scope S_0x55e1b9e63260;
T_2 ;
    %wait E_0x55e1b9dff8e0;
    %load/vec4 v0x55e1b9e636d0_0;
    %dup/vec4;
    %pushi/vec4 0, 0, 2;
    %cmp/u;
    %jmp/1 T_2.0, 6;
    %dup/vec4;
    %pushi/vec4 1, 0, 2;
    %cmp/u;
    %jmp/1 T_2.1, 6;
    %dup/vec4;
    %pushi/vec4 2, 0, 2;
    %cmp/u;
    %jmp/1 T_2.2, 6;
    %jmp T_2.3;
T_2.0 ;
    %pushi/vec4 1, 0, 2;
    %store/vec4 v0x55e1b9e63930_0, 0, 2;
    %jmp T_2.3;
T_2.1 ;
    %load/vec4 v0x55e1b9e63860_0;
    %pad/u 32;
    %cmpi/e 5, 0, 32;
    %flag_mov 8, 4;
    %jmp/0 T_2.4, 8;
    %pushi/vec4 2, 0, 2;
    %jmp/1 T_2.5, 8;
T_2.4 ; End of true expr.
    %pushi/vec4 1, 0, 2;
    %jmp/0 T_2.5, 8;
 ; End of false expr.
    %blend;
T_2.5;
    %store/vec4 v0x55e1b9e63930_0, 0, 2;
    %jmp T_2.3;
T_2.2 ;
    %jmp T_2.3;
T_2.3 ;
    %pop/vec4 1;
    %jmp T_2;
    .thread T_2, $push;
    .scope S_0x55e1b9e63260;
T_3 ;
    %wait E_0x55e1b9e37d60;
    %load/vec4 v0x55e1b9e636d0_0;
    %dup/vec4;
    %pushi/vec4 0, 0, 2;
    %cmp/u;
    %jmp/1 T_3.0, 6;
    %dup/vec4;
    %pushi/vec4 1, 0, 2;
    %cmp/u;
    %jmp/1 T_3.1, 6;
    %dup/vec4;
    %pushi/vec4 2, 0, 2;
    %cmp/u;
    %jmp/1 T_3.2, 6;
    %jmp T_3.3;
T_3.0 ;
    %jmp T_3.3;
T_3.1 ;
    %jmp T_3.3;
T_3.2 ;
    %jmp T_3.3;
T_3.3 ;
    %pop/vec4 1;
    %jmp T_3;
    .thread T_3, $push;
    .scope S_0x55e1b9e3c520;
T_4 ;
    %pushi/vec4 0, 0, 1;
    %store/vec4 v0x55e1b9e63c40_0, 0, 1;
    %end;
    .thread T_4;
    .scope S_0x55e1b9e3c520;
T_5 ;
    %delay 1000, 0;
    %load/vec4 v0x55e1b9e63c40_0;
    %inv;
    %store/vec4 v0x55e1b9e63c40_0, 0, 1;
    %jmp T_5;
    .thread T_5;
    .scope S_0x55e1b9e3c520;
T_6 ;
    %vpi_call 2 42 "$monitor", "rstn=%b, wr_en=%b, rd_en=%b, data_in=%b, data_out=%b, full=%b, empty=%b, fifo_words=%b", v0x55e1b9e64380_0, v0x55e1b9e64420_0, v0x55e1b9e642e0_0, v0x55e1b9e63d50_0, v0x55e1b9e63e60_0, v0x55e1b9e64180_0, v0x55e1b9e63f00_0, v0x55e1b9e63fa0_0 {0 0 0};
    %vpi_call 2 45 "$readmemb", "teste.txt", v0x55e1b9e640e0 {0 0 0};
    %vpi_call 2 46 "$dumpfile", "saida.vcd" {0 0 0};
    %vpi_call 2 47 "$dumpvars", 32'sb00000000000000000000000000000000, S_0x55e1b9e3c520 {0 0 0};
    %pushi/vec4 0, 0, 1;
    %store/vec4 v0x55e1b9e64380_0, 0, 1;
    %pushi/vec4 0, 0, 1;
    %store/vec4 v0x55e1b9e642e0_0, 0, 1;
    %delay 2000, 0;
    %pushi/vec4 1, 0, 1;
    %store/vec4 v0x55e1b9e64380_0, 0, 1;
    %pushi/vec4 0, 0, 32;
    %store/vec4 v0x55e1b9e64220_0, 0, 32;
T_6.0 ; Top of for-loop
    %load/vec4 v0x55e1b9e64220_0;
    %cmpi/s 16, 0, 32;
	  %jmp/0xz T_6.1, 5;
    %ix/getv/s 4, v0x55e1b9e64220_0;
    %load/vec4a v0x55e1b9e640e0, 4;
    %store/vec4 v0x55e1b9e642e0_0, 0, 1;
    %delay 2000, 0;
T_6.2 ; for-loop step statement
    %load/vec4 v0x55e1b9e64220_0;
    %addi 1, 0, 32;
    %store/vec4 v0x55e1b9e64220_0, 0, 32;
    %jmp T_6.0;
T_6.1 ; for-loop exit label
    %vpi_call 2 59 "$finish" {0 0 0};
    %end;
    .thread T_6;
# The file index is used to find the file name in the following table.
:file_names 5;
    "N/A";
    "<interactive>";
    "tb.v";
    "fifo.v";
    "fsm.v";
